     1                                  bits 32 ; assembling for the 32 bits architecture
     2                                  
     3                                  ; declare the EntryPoint (a label defining the very first instruction of the program)
     4                                  global _printer        
     5                                  
     6                                  ; declare external functions needed by our program
     7                                  extern exit,printf
     8                                  import printf msvcrt.dll
     9                                  import exit msvcrt.dll    ; exit is a function that ends the calling process. It is defined in msvcrt.dll
    10                                                            ; msvcrt.dll contains exit, printf and all the other important C-runtime specific functions
    11                                  
    12                                  ; our data is declared here (the variables needed by our program)
    13                                  segment data use32 class=data
    14                                      ; ...
    15 00000000 2564                        format db "%d"
    16                                  ; our code starts here
    17                                  segment code use32 class=code
    18                                  
    19                                  _printer:
    20 00000000 55                          push EBP
    21 00000001 89E5                        mov EBP,ESP
    22                                      
    23 00000003 8B4508                      mov EAX,[EBP+8]
    24 00000006 50                          push dword EAX
    25 00000007 68[00000000]                push dword format
    26 0000000C FF15[00000000]              call [printf]
    27 00000012 83C408                      add ESP, 4*2
    28                                      
