<option value="București">București</option>
<option value="Abrud">Abrud</option>
<option value="Aiud">Aiud</option>
<option value="Alba">Alba</option>
<option value="Iulia">Iulia</option>
<option value="Baia">Baia</option>
<option value="de">de</option>
<option value="Arieș">Arieș</option>
<option value="Blaj">Blaj</option>
<option value="Câmpeni">Câmpeni</option>
<option value="Cugir">Cugir</option>
<option value="Ocna">Ocna</option>
<option value="Mureș">Mureș</option>
<option value="Sebeș">Sebeș</option>
<option value="Teiuș">Teiuș</option>
<option value="Zlatna">Zlatna</option>
<option value="Arad">Arad</option>
<option value="Chișineu-Criș">Chișineu-Criș</option>
<option value="Curtici">Curtici</option>
<option value="Ineu">Ineu</option>
<option value="Lipova">Lipova</option>
<option value="Nădlac">Nădlac</option>
<option value="Pâncota">Pâncota</option>
<option value="Pecica">Pecica</option>
<option value="Sântana">Sântana</option>
<option value="Câmpulung">Câmpulung</option>
<option value="Costești">Costești</option>
<option value="Curtea">Curtea</option>
<option value="de">de</option>
<option value="Argeș">Argeș</option>
<option value="Mioveni">Mioveni</option>
<option value="Pitești">Pitești</option>
<option value="Ștefănești">Ștefănești</option>
<option value="Topoloveni">Topoloveni</option>
<option value="Bacău">Bacău</option>
<option value="Buhuși">Buhuși</option>
<option value="Comănești">Comănești</option>
<option value="Dărmănești">Dărmănești</option>
<option value="Moinești">Moinești</option>
<option value="Onești">Onești</option>
<option value="Slănic">Slănic</option>
<option value="Moldova">Moldova</option>
<option value="Târgu">Târgu</option>
<option value="Ocna">Ocna</option>
<option value="Aleșd">Aleșd</option>
<option value="Beiuș">Beiuș</option>
<option value="Marghita">Marghita</option>
<option value="Nucet">Nucet</option>
<option value="Oradea">Oradea</option>
<option value="Săcueni">Săcueni</option>
<option value="Salonta">Salonta</option>
<option value="Ștei">Ștei</option>
<option value="Valea">Valea</option>
<option value="lui">lui</option>
<option value="Mihai">Mihai</option>
<option value="Vașcău">Vașcău</option>
<option value="Beclean">Beclean</option>
<option value="Bistrița">Bistrița</option>
<option value="Năsăud">Năsăud</option>
<option value="Sângeorz-Băi">Sângeorz-Băi</option>
<option value="Botoșani">Botoșani</option>
<option value="Bucecea">Bucecea</option>
<option value="Darabani">Darabani</option>
<option value="Dorohoi">Dorohoi</option>
<option value="Flămânzi">Flămânzi</option>
<option value="Săveni">Săveni</option>
<option value="Ștefănești">Ștefănești</option>
<option value="Brăila">Brăila</option>
<option value="Făurei">Făurei</option>
<option value="Ianca">Ianca</option>
<option value="Însurăței">Însurăței</option>
<option value="Brașov">Brașov</option>
<option value="Codlea">Codlea</option>
<option value="Făgăraș">Făgăraș</option>
<option value="Ghimbav">Ghimbav</option>
<option value="Predeal">Predeal</option>
<option value="Râșnov">Râșnov</option>
<option value="Rupea">Rupea</option>
<option value="Săcele">Săcele</option>
<option value="Victoria">Victoria</option>
<option value="Zărnești">Zărnești</option>
<option value="Buzău">Buzău</option>
<option value="Nehoiu">Nehoiu</option>
<option value="Pătârlagele">Pătârlagele</option>
<option value="Pogoanele">Pogoanele</option>
<option value="Râmnicu">Râmnicu</option>
<option value="Sărat">Sărat</option>
<option value="Budești">Budești</option>
<option value="Călărași">Călărași</option>
<option value="Fundulea">Fundulea</option>
<option value="Lehliu">Lehliu</option>
<option value="Gară">Gară</option>
<option value="Oltenița">Oltenița</option>
<option value="Anina">Anina</option>
<option value="Băile">Băile</option>
<option value="Herculane">Herculane</option>
<option value="Bocșa">Bocșa</option>
<option value="Caransebeș">Caransebeș</option>
<option value="Moldova">Moldova</option>
<option value="Nouă">Nouă</option>
<option value="Oravița">Oravița</option>
<option value="Oțelu">Oțelu</option>
<option value="Roșu">Roșu</option>
<option value="Reșița">Reșița</option>
<option value="Câmpia">Câmpia</option>
<option value="Turzii">Turzii</option>
<option value="Cluj-Napoca">Cluj-Napoca</option>
<option value="Dej">Dej</option>
<option value="Gherla">Gherla</option>
<option value="Huedin">Huedin</option>
<option value="Turda">Turda</option>
<option value="Cernavodă">Cernavodă</option>
<option value="Constanța">Constanța</option>
<option value="Eforie">Eforie</option>
<option value="Hârșova">Hârșova</option>
<option value="Mangalia">Mangalia</option>
<option value="Medgidia">Medgidia</option>
<option value="Murfatlar">Murfatlar</option>
<option value="Năvodari">Năvodari</option>
<option value="Negru">Negru</option>
<option value="Vodă">Vodă</option>
<option value="Ovidiu">Ovidiu</option>
<option value="Techirghiol">Techirghiol</option>
<option value="Baraolt">Baraolt</option>
<option value="Covasna">Covasna</option>
<option value="Întorsura">Întorsura</option>
<option value="Buzăului">Buzăului</option>
<option value="Sfântu">Sfântu</option>
<option value="Gheorghe">Gheorghe</option>
<option value="Târgu">Târgu</option>
<option value="Secuiesc">Secuiesc</option>
<option value="Fieni">Fieni</option>
<option value="Găești">Găești</option>
<option value="Moreni">Moreni</option>
<option value="Pucioasa">Pucioasa</option>
<option value="Răcari">Răcari</option>
<option value="Târgoviște">Târgoviște</option>
<option value="Titu">Titu</option>
<option value="Băilești">Băilești</option>
<option value="Bechet">Bechet</option>
<option value="Calafat">Calafat</option>
<option value="Craiova">Craiova</option>
<option value="Dăbuleni">Dăbuleni</option>
<option value="Filiași">Filiași</option>
<option value="Segarcea">Segarcea</option>
<option value="Berești">Berești</option>
<option value="Galați">Galați</option>
<option value="Târgu">Târgu</option>
<option value="Bujor">Bujor</option>
<option value="Tecuci">Tecuci</option>
<option value="Bolintin-Vale">Bolintin-Vale</option>
<option value="Giurgiu">Giurgiu</option>
<option value="Mihăilești">Mihăilești</option>
<option value="Bumbești-Jiu">Bumbești-Jiu</option>
<option value="Motru">Motru</option>
<option value="Novaci">Novaci</option>
<option value="Rovinari">Rovinari</option>
<option value="Târgu">Târgu</option>
<option value="Cărbunești">Cărbunești</option>
<option value="Târgu">Târgu</option>
<option value="Jiu">Jiu</option>
<option value="Țicleni">Țicleni</option>
<option value="Tismana">Tismana</option>
<option value="Băile">Băile</option>
<option value="Tușnad">Tușnad</option>
<option value="Bălan">Bălan</option>
<option value="Borsec">Borsec</option>
<option value="Cristuru">Cristuru</option>
<option value="Secuiesc">Secuiesc</option>
<option value="Gheorgheni">Gheorgheni</option>
<option value="Miercurea">Miercurea</option>
<option value="Ciuc">Ciuc</option>
<option value="Odorheiu">Odorheiu</option>
<option value="Secuiesc">Secuiesc</option>
<option value="Toplița">Toplița</option>
<option value="Vlăhița">Vlăhița</option>
<option value="Aninoasa">Aninoasa</option>
<option value="Brad">Brad</option>
<option value="Călan">Călan</option>
<option value="Deva">Deva</option>
<option value="Geoagiu">Geoagiu</option>
<option value="Hațeg">Hațeg</option>
<option value="Hunedoara">Hunedoara</option>
<option value="Lupeni">Lupeni</option>
<option value="Orăștie">Orăștie</option>
<option value="Petrila">Petrila</option>
<option value="Petroșani">Petroșani</option>
<option value="Simeria">Simeria</option>
<option value="Uricani">Uricani</option>
<option value="Vulcan">Vulcan</option>
<option value="Amara">Amara</option>
<option value="Căzănești">Căzănești</option>
<option value="Fetești">Fetești</option>
<option value="Fierbinți-Târg">Fierbinți-Târg</option>
<option value="Slobozia">Slobozia</option>
<option value="Țăndărei">Țăndărei</option>
<option value="Urziceni">Urziceni</option>
<option value="Hârlău">Hârlău</option>
<option value="Iași">Iași</option>
<option value="Pașcani">Pașcani</option>
<option value="Podu">Podu</option>
<option value="Iloaiei">Iloaiei</option>
<option value="Târgu">Târgu</option>
<option value="Frumos">Frumos</option>
<option value="Bragadiru">Bragadiru</option>
<option value="Buftea">Buftea</option>
<option value="Chitila">Chitila</option>
<option value="Măgurele">Măgurele</option>
<option value="Otopeni">Otopeni</option>
<option value="Pantelimon">Pantelimon</option>
<option value="Popești-Leordeni">Popești-Leordeni</option>
<option value="Voluntari">Voluntari</option>
<option value="Baia">Baia</option>
<option value="Mare">Mare</option>
<option value="Baia">Baia</option>
<option value="Sprie">Sprie</option>
<option value="Borșa">Borșa</option>
<option value="Cavnic">Cavnic</option>
<option value="Dragomirești">Dragomirești</option>
<option value="Săliștea">Săliștea</option>
<option value="de">de</option>
<option value="Sus">Sus</option>
<option value="Seini">Seini</option>
<option value="Sighetu">Sighetu</option>
<option value="Marmației">Marmației</option>
<option value="Șomcuta">Șomcuta</option>
<option value="Mare">Mare</option>
<option value="Târgu">Târgu</option>
<option value="Lăpuș">Lăpuș</option>
<option value="Tăuții-Măgherăuș">Tăuții-Măgherăuș</option>
<option value="Ulmeni">Ulmeni</option>
<option value="Vișeu">Vișeu</option>
<option value="de">de</option>
<option value="Sus">Sus</option>
<option value="Baia">Baia</option>
<option value="de">de</option>
<option value="Aramă">Aramă</option>
<option value="Drobeta-Turnu">Drobeta-Turnu</option>
<option value="Severin">Severin</option>
<option value="Orșova">Orșova</option>
<option value="Strehaia">Strehaia</option>
<option value="Vânju">Vânju</option>
<option value="Mare">Mare</option>
<option value="Iernut">Iernut</option>
<option value="Luduș">Luduș</option>
<option value="Miercurea">Miercurea</option>
<option value="Nirajului">Nirajului</option>
<option value="Reghin">Reghin</option>
<option value="Sângeorgiu">Sângeorgiu</option>
<option value="de">de</option>
<option value="Pădure">Pădure</option>
<option value="Sărmașu">Sărmașu</option>
<option value="Sighișoara">Sighișoara</option>
<option value="Sovata">Sovata</option>
<option value="Târgu">Târgu</option>
<option value="Mureș">Mureș</option>
<option value="Târnăveni">Târnăveni</option>
<option value="Ungheni">Ungheni</option>
<option value="Bicaz">Bicaz</option>
<option value="Piatra">Piatra</option>
<option value="Neamț">Neamț</option>
<option value="Roman">Roman</option>
<option value="Roznov">Roznov</option>
<option value="Târgu">Târgu</option>
<option value="Neamț">Neamț</option>
<option value="Balș">Balș</option>
<option value="Caracal">Caracal</option>
<option value="Corabia">Corabia</option>
<option value="Drăgănești-Olt">Drăgănești-Olt</option>
<option value="Piatra-Olt">Piatra-Olt</option>
<option value="Potcoava">Potcoava</option>
<option value="Scornicești">Scornicești</option>
<option value="Slatina">Slatina</option>
<option value="Azuga">Azuga</option>
<option value="Băicoi">Băicoi</option>
<option value="Boldești-Scăeni">Boldești-Scăeni</option>
<option value="Breaza">Breaza</option>
<option value="Bușteni">Bușteni</option>
<option value="Câmpina">Câmpina</option>
<option value="Comarnic">Comarnic</option>
<option value="Mizil">Mizil</option>
<option value="Ploiești">Ploiești</option>
<option value="Plopeni">Plopeni</option>
<option value="Sinaia">Sinaia</option>
<option value="Slănic">Slănic</option>
<option value="Urlați">Urlați</option>
<option value="Vălenii">Vălenii</option>
<option value="de">de</option>
<option value="Munte">Munte</option>
<option value="Cehu">Cehu</option>
<option value="Silvaniei">Silvaniei</option>
<option value="Jibou">Jibou</option>
<option value="Șimleu">Șimleu</option>
<option value="Silvaniei">Silvaniei</option>
<option value="Zalău">Zalău</option>
<option value="Ardud">Ardud</option>
<option value="Carei">Carei</option>
<option value="Livada">Livada</option>
<option value="Negrești-Oaș">Negrești-Oaș</option>
<option value="Satu">Satu</option>
<option value="Mare">Mare</option>
<option value="Tășnad">Tășnad</option>
<option value="Agnita">Agnita</option>
<option value="Avrig">Avrig</option>
<option value="Cisnădie">Cisnădie</option>
<option value="Copșa">Copșa</option>
<option value="Mică">Mică</option>
<option value="Dumbrăveni">Dumbrăveni</option>
<option value="Mediaș">Mediaș</option>
<option value="Miercurea">Miercurea</option>
<option value="Sibiului">Sibiului</option>
<option value="Ocna">Ocna</option>
<option value="Sibiului">Sibiului</option>
<option value="Săliște">Săliște</option>
<option value="Sibiu">Sibiu</option>
<option value="Tălmaciu">Tălmaciu</option>
<option value="Broșteni">Broșteni</option>
<option value="Cajvana">Cajvana</option>
<option value="Câmpulung">Câmpulung</option>
<option value="Moldovenesc">Moldovenesc</option>
<option value="Dolhasca">Dolhasca</option>
<option value="Fălticeni">Fălticeni</option>
<option value="Frasin">Frasin</option>
<option value="Gura">Gura</option>
<option value="Humorului">Humorului</option>
<option value="Liteni">Liteni</option>
<option value="Milișăuți">Milișăuți</option>
<option value="Rădăuți">Rădăuți</option>
<option value="Salcea">Salcea</option>
<option value="Siret">Siret</option>
<option value="Solca">Solca</option>
<option value="Suceava">Suceava</option>
<option value="Vatra">Vatra</option>
<option value="Dornei">Dornei</option>
<option value="Vicovu">Vicovu</option>
<option value="de">de</option>
<option value="Sus">Sus</option>
<option value="Alexandria">Alexandria</option>
<option value="Roșiorii">Roșiorii</option>
<option value="de">de</option>
<option value="Vede">Vede</option>
<option value="Turnu">Turnu</option>
<option value="Măgurele">Măgurele</option>
<option value="Videle">Videle</option>
<option value="Zimnicea">Zimnicea</option>
<option value="Buziaș">Buziaș</option>
<option value="Ciacova">Ciacova</option>
<option value="Deta">Deta</option>
<option value="Făget">Făget</option>
<option value="Gătaia">Gătaia</option>
<option value="Jimbolia">Jimbolia</option>
<option value="Lugoj">Lugoj</option>
<option value="Recaș">Recaș</option>
<option value="Sânnicolau">Sânnicolau</option>
<option value="Mare">Mare</option>
<option value="Timișoara">Timișoara</option>
<option value="Babadag">Babadag</option>
<option value="Isaccea">Isaccea</option>
<option value="Măcin">Măcin</option>
<option value="Sulina">Sulina</option>
<option value="Tulcea">Tulcea</option>
<option value="Băbeni">Băbeni</option>
<option value="Băile">Băile</option>
<option value="Govora">Govora</option>
<option value="Băile">Băile</option>
<option value="Olănești">Olănești</option>
<option value="Bălcești">Bălcești</option>
<option value="Berbești">Berbești</option>
<option value="Brezoi">Brezoi</option>
<option value="Călimănești">Călimănești</option>
<option value="Drăgășani">Drăgășani</option>
<option value="Horezu">Horezu</option>
<option value="Ocnele">Ocnele</option>
<option value="Mari">Mari</option>
<option value="Râmnicu">Râmnicu</option>
<option value="Vâlcea">Vâlcea</option>
<option value="Bârlad">Bârlad</option>
<option value="Huși">Huși</option>
<option value="Murgeni">Murgeni</option>
<option value="Negrești">Negrești</option>
<option value="Vaslui">Vaslui</option>
<option value="Adjud">Adjud</option>
<option value="Focșani">Focșani</option>
<option value="Mărășești">Mărășești</option>
<option value="Odobești">Odobești</option>
<option value="Panciu">Panciu</option>
